2019-03-31 18:21:09 0 [Note] InnoDB: Mutexes and rw_locks use Windows interlocked functions
2019-03-31 18:21:09 0 [Note] InnoDB: Uses event mutexes
2019-03-31 18:21:09 0 [Note] InnoDB: Compressed tables use zlib 1.2.11
2019-03-31 18:21:09 0 [Note] InnoDB: Number of pools: 1
2019-03-31 18:21:09 0 [Note] InnoDB: Using SSE2 crc32 instructions
2019-03-31 18:21:09 0 [Note] InnoDB: Initializing buffer pool, total size = 128M, instances = 1, chunk size = 128M
2019-03-31 18:21:09 0 [Note] InnoDB: Completed initialization of buffer pool
2019-03-31 18:21:09 0 [Note] InnoDB: 128 out of 128 rollback segments are active.
2019-03-31 18:21:09 0 [Note] InnoDB: Creating shared tablespace for temporary tables
2019-03-31 18:21:09 0 [Note] InnoDB: Setting file '.\ibtmp1' size to 12 MB. Physically writing the file full; Please wait ...
2019-03-31 18:21:09 0 [Note] InnoDB: File '.\ibtmp1' size is now 12 MB.
2019-03-31 18:21:09 0 [Note] InnoDB: Waiting for purge to start
2019-03-31 18:21:10 0 [Note] InnoDB: 10.3.13 started; log sequence number 1630815; transaction id 21
2019-03-31 18:21:10 0 [Note] InnoDB: Loading buffer pool(s) from C:\Users\ASC Arma\Desktop\Trading\MariaDB\data\ib_buffer_pool
2019-03-31 18:21:10 0 [Note] InnoDB: Buffer pool(s) load completed at 190331 18:21:10
2019-03-31 18:21:10 0 [Note] Plugin 'FEEDBACK' is disabled.
2019-03-31 18:21:10 0 [Note] Server socket created on IP: '::'.
2019-04-01 10:56:56 0 [Note] InnoDB: Mutexes and rw_locks use Windows interlocked functions
2019-04-01 10:56:56 0 [Note] InnoDB: Uses event mutexes
2019-04-01 10:56:56 0 [Note] InnoDB: Compressed tables use zlib 1.2.11
2019-04-01 10:56:56 0 [Note] InnoDB: Number of pools: 1
2019-04-01 10:56:56 0 [Note] InnoDB: Using SSE2 crc32 instructions
2019-04-01 10:56:56 0 [Note] InnoDB: Initializing buffer pool, total size = 128M, instances = 1, chunk size = 128M
2019-04-01 10:56:56 0 [Note] InnoDB: Completed initialization of buffer pool
2019-04-01 10:56:56 0 [Note] InnoDB: Starting crash recovery from checkpoint LSN=1657416
2019-04-01 10:56:56 0 [Note] InnoDB: 128 out of 128 rollback segments are active.
2019-04-01 10:56:56 0 [Note] InnoDB: Removed temporary tablespace data file: "ibtmp1"
2019-04-01 10:56:56 0 [Note] InnoDB: Creating shared tablespace for temporary tables
2019-04-01 10:56:56 0 [Note] InnoDB: Setting file '.\ibtmp1' size to 12 MB. Physically writing the file full; Please wait ...
2019-04-01 10:56:56 0 [Note] InnoDB: File '.\ibtmp1' size is now 12 MB.
2019-04-01 10:56:56 0 [Note] InnoDB: Waiting for purge to start
2019-04-01 10:56:56 0 [Note] InnoDB: 10.3.13 started; log sequence number 1657425; transaction id 63
2019-04-01 10:56:56 0 [Note] InnoDB: Loading buffer pool(s) from C:\Users\ASC Arma\Desktop\Trading\MariaDB\data\ib_buffer_pool
2019-04-01 10:56:56 0 [Note] InnoDB: Buffer pool(s) load completed at 190401 10:56:56
2019-04-01 10:56:56 0 [Note] Plugin 'FEEDBACK' is disabled.
2019-04-01 10:56:56 0 [ERROR] Could not open mysql.plugin table. Some plugins may be not loaded
2019-04-01 10:56:56 0 [ERROR] Can't open and lock privilege tables: Table 'mysql.servers' doesn't exist
2019-04-01 10:56:56 0 [Note] Server socket created on IP: '::'.
